Base path: B:/Unity/EditorVersions/2018.2.0f2/Editor/Data
Cmd: initializeCompiler
Cmd: compileComputeKernel
  error: 2 plat 4 at GradientPulseRotateShader.compute(33): invalid type for index - index must be a scalar, or a vector with the correct number of dimensions
  api=4 insize=1158 outsize=0 ok=0
Cmd: initializeCompiler
Cmd: initializeCompiler
Cmd: initializeCompiler
Cmd: initializeCompiler
Cmd: initializeCompiler
Cmd: initializeCompiler
Cmd: initializeCompiler
Cmd: initializeCompiler
Cmd: initializeCompiler
Cmd: initializeCompiler
Cmd: compileComputeKernel
  error: 1 plat 4 at GradientPulseRotateShader.compute(35): implicit truncation of vector type
  api=4 insize=1261 outsize=2149 ok=1
Cmd: initializeCompiler
Cmd: initializeCompiler
Cmd: initializeCompiler
Cmd: initializeCompiler
Cmd: initializeCompiler
Cmd: compileComputeKernel
  error: 1 plat 4 at GradientPulseRotateShader.compute(35): implicit truncation of vector type
  api=4 insize=1276 outsize=2241 ok=1
Cmd: compileComputeKernel
  error: 1 plat 4 at GradientPulseRotateShader.compute(35): implicit truncation of vector type
  api=4 insize=1286 outsize=2289 ok=1
Cmd: initializeCompiler
Cmd: initializeCompiler
Cmd: initializeCompiler
Cmd: initializeCompiler
Cmd: initializeCompiler
Cmd: initializeCompiler
Cmd: initializeCompiler
Cmd: initializeCompiler
Cmd: initializeCompiler
Cmd: initializeCompiler
Cmd: initializeCompiler
Cmd: initializeCompiler
Cmd: initializeCompiler
Cmd: initializeCompiler
